<?xml version="1.0" encoding="UTF-8"?>
<coverage generated="1622107686812" clover="3.2.0">
  <project timestamp="1622107686812" name="All files">
    <metrics statements="55" coveredstatements="52" conditionals="13" coveredconditionals="10" methods="11" coveredmethods="11" elements="79" coveredelements="73" complexity="0" loc="55" ncloc="55" packages="1" files="2" classes="2"/>
    <file name="helpers.js" path="/mnt/d/html/frontend-testing-react-project-lvl1/src/helpers.js">
      <metrics statements="31" coveredstatements="31" conditionals="8" coveredconditionals="8" methods="8" coveredmethods="8"/>
      <line num="4" count="2" type="stmt"/>
      <line num="9" count="22" type="stmt"/>
      <line num="11" count="2" type="stmt"/>
      <line num="12" count="18" type="stmt"/>
      <line num="13" count="18" type="cond" truecount="2" falsecount="0"/>
      <line num="14" count="18" type="stmt"/>
      <line num="15" count="18" type="stmt"/>
      <line num="16" count="18" type="stmt"/>
      <line num="19" count="2" type="stmt"/>
      <line num="20" count="4" type="stmt"/>
      <line num="21" count="4" type="stmt"/>
      <line num="22" count="4" type="stmt"/>
      <line num="23" count="4" type="stmt"/>
      <line num="24" count="12" type="stmt"/>
      <line num="25" count="24" type="stmt"/>
      <line num="26" count="24" type="cond" truecount="2" falsecount="0"/>
      <line num="27" count="2" type="stmt"/>
      <line num="29" count="22" type="stmt"/>
      <line num="30" count="22" type="cond" truecount="2" falsecount="0"/>
      <line num="31" count="14" type="stmt"/>
      <line num="32" count="14" type="stmt"/>
      <line num="33" count="14" type="stmt"/>
      <line num="37" count="4" type="stmt"/>
      <line num="40" count="2" type="stmt"/>
      <line num="41" count="3" type="stmt"/>
      <line num="42" count="3" type="stmt"/>
      <line num="43" count="9" type="stmt"/>
      <line num="44" count="15" type="stmt"/>
      <line num="45" count="15" type="cond" truecount="2" falsecount="0"/>
      <line num="46" count="9" type="stmt"/>
      <line num="50" count="3" type="stmt"/>
    </file>
    <file name="index.js" path="/mnt/d/html/frontend-testing-react-project-lvl1/src/index.js">
      <metrics statements="24" coveredstatements="21" conditionals="5" coveredconditionals="2" methods="3" coveredmethods="3"/>
      <line num="11" count="1" type="stmt"/>
      <line num="12" count="1" type="stmt"/>
      <line num="14" count="1" type="stmt"/>
      <line num="15" count="4" type="stmt"/>
      <line num="16" count="4" type="stmt"/>
      <line num="21" count="4" type="cond" truecount="1" falsecount="1"/>
      <line num="22" count="0" type="stmt"/>
      <line num="24" count="4" type="stmt"/>
      <line num="25" count="4" type="stmt"/>
      <line num="27" count="0" type="stmt"/>
      <line num="32" count="2" type="cond" truecount="1" falsecount="1"/>
      <line num="33" count="0" type="stmt"/>
      <line num="35" count="2" type="stmt"/>
      <line num="36" count="2" type="stmt"/>
      <line num="37" count="2" type="stmt"/>
      <line num="38" count="2" type="stmt"/>
      <line num="39" count="2" type="stmt"/>
      <line num="40" count="2" type="stmt"/>
      <line num="41" count="2" type="stmt"/>
      <line num="42" count="2" type="stmt"/>
      <line num="43" count="4" type="stmt"/>
      <line num="44" count="2" type="stmt"/>
      <line num="45" count="2" type="stmt"/>
      <line num="46" count="2" type="stmt"/>
    </file>
  </project>
</coverage>
