{"/mnt/d/html/frontend-testing-react-project-lvl1/src/helpers.js": {"path":"/mnt/d/html/frontend-testing-react-project-lvl1/src/helpers.js","statementMap":{"0":{"start":{"line":4,"column":17},"end":{"line":8,"column":1}},"1":{"start":{"line":9,"column":23},"end":{"line":9,"column":95}},"2":{"start":{"line":9,"column":33},"end":{"line":9,"column":95}},"3":{"start":{"line":11,"column":27},"end":{"line":17,"column":1}},"4":{"start":{"line":12,"column":23},"end":{"line":12,"column":35}},"5":{"start":{"line":13,"column":14},"end":{"line":13,"column":92}},"6":{"start":{"line":14,"column":19},"end":{"line":14,"column":45}},"7":{"start":{"line":15,"column":15},"end":{"line":15,"column":40}},"8":{"start":{"line":16,"column":2},"end":{"line":16,"column":34}},"9":{"start":{"line":19,"column":28},"end":{"line":38,"column":1}},"10":{"start":{"line":20,"column":12},"end":{"line":20,"column":30}},"11":{"start":{"line":21,"column":21},"end":{"line":21,"column":34}},"12":{"start":{"line":22,"column":20},"end":{"line":22,"column":22}},"13":{"start":{"line":23,"column":2},"end":{"line":36,"column":5}},"14":{"start":{"line":24,"column":4},"end":{"line":35,"column":7}},"15":{"start":{"line":25,"column":23},"end":{"line":25,"column":45}},"16":{"start":{"line":26,"column":6},"end":{"line":28,"column":7}},"17":{"start":{"line":27,"column":8},"end":{"line":27,"column":15}},"18":{"start":{"line":29,"column":21},"end":{"line":29,"column":46}},"19":{"start":{"line":30,"column":6},"end":{"line":34,"column":7}},"20":{"start":{"line":31,"column":20},"end":{"line":31,"column":31}},"21":{"start":{"line":32,"column":25},"end":{"line":32,"column":54}},"22":{"start":{"line":33,"column":8},"end":{"line":33,"column":48}},"23":{"start":{"line":37,"column":2},"end":{"line":37,"column":19}},"24":{"start":{"line":40,"column":32},"end":{"line":51,"column":1}},"25":{"start":{"line":41,"column":12},"end":{"line":41,"column":57}},"26":{"start":{"line":42,"column":2},"end":{"line":49,"column":5}},"27":{"start":{"line":43,"column":4},"end":{"line":48,"column":7}},"28":{"start":{"line":44,"column":18},"end":{"line":44,"column":40}},"29":{"start":{"line":45,"column":6},"end":{"line":47,"column":7}},"30":{"start":{"line":46,"column":8},"end":{"line":46,"column":73}},"31":{"start":{"line":50,"column":2},"end":{"line":50,"column":18}}},"fnMap":{"0":{"name":"(anonymous_0)","decl":{"start":{"line":9,"column":23},"end":{"line":9,"column":24}},"loc":{"start":{"line":9,"column":33},"end":{"line":9,"column":95}},"line":9},"1":{"name":"(anonymous_1)","decl":{"start":{"line":11,"column":27},"end":{"line":11,"column":28}},"loc":{"start":{"line":11,"column":36},"end":{"line":17,"column":1}},"line":11},"2":{"name":"(anonymous_2)","decl":{"start":{"line":19,"column":28},"end":{"line":19,"column":29}},"loc":{"start":{"line":19,"column":44},"end":{"line":38,"column":1}},"line":19},"3":{"name":"(anonymous_3)","decl":{"start":{"line":23,"column":19},"end":{"line":23,"column":20}},"loc":{"start":{"line":23,"column":28},"end":{"line":36,"column":3}},"line":23},"4":{"name":"(anonymous_4)","decl":{"start":{"line":24,"column":20},"end":{"line":24,"column":21}},"loc":{"start":{"line":24,"column":32},"end":{"line":35,"column":5}},"line":24},"5":{"name":"(anonymous_5)","decl":{"start":{"line":40,"column":32},"end":{"line":40,"column":33}},"loc":{"start":{"line":40,"column":65},"end":{"line":51,"column":1}},"line":40},"6":{"name":"(anonymous_6)","decl":{"start":{"line":42,"column":19},"end":{"line":42,"column":20}},"loc":{"start":{"line":42,"column":28},"end":{"line":49,"column":3}},"line":42},"7":{"name":"(anonymous_7)","decl":{"start":{"line":43,"column":20},"end":{"line":43,"column":21}},"loc":{"start":{"line":43,"column":32},"end":{"line":48,"column":5}},"line":43}},"branchMap":{"0":{"loc":{"start":{"line":13,"column":14},"end":{"line":13,"column":92}},"type":"cond-expr","locations":[{"start":{"line":13,"column":48},"end":{"line":13,"column":82}},{"start":{"line":13,"column":85},"end":{"line":13,"column":92}}],"line":13},"1":{"loc":{"start":{"line":26,"column":6},"end":{"line":28,"column":7}},"type":"if","locations":[{"start":{"line":26,"column":6},"end":{"line":28,"column":7}},{"start":{"line":26,"column":6},"end":{"line":28,"column":7}}],"line":26},"2":{"loc":{"start":{"line":30,"column":6},"end":{"line":34,"column":7}},"type":"if","locations":[{"start":{"line":30,"column":6},"end":{"line":34,"column":7}},{"start":{"line":30,"column":6},"end":{"line":34,"column":7}}],"line":30},"3":{"loc":{"start":{"line":45,"column":6},"end":{"line":47,"column":7}},"type":"if","locations":[{"start":{"line":45,"column":6},"end":{"line":47,"column":7}},{"start":{"line":45,"column":6},"end":{"line":47,"column":7}}],"line":45}},"s":{"0":2,"1":2,"2":22,"3":2,"4":18,"5":18,"6":18,"7":18,"8":18,"9":2,"10":4,"11":4,"12":4,"13":4,"14":12,"15":24,"16":24,"17":2,"18":22,"19":22,"20":14,"21":14,"22":14,"23":4,"24":2,"25":3,"26":3,"27":9,"28":15,"29":15,"30":9,"31":3},"f":{"0":22,"1":18,"2":4,"3":12,"4":24,"5":3,"6":9,"7":15},"b":{"0":[12,6],"1":[2,22],"2":[14,8],"3":[9,6]},"_coverageSchema":"1a1c01bbd47fc00a2c39e90264f33305004495a9","hash":"d3c768954456402cc30fe0b7548cee2a09d5c1fe"}
,"/mnt/d/html/frontend-testing-react-project-lvl1/src/index.js": {"path":"/mnt/d/html/frontend-testing-react-project-lvl1/src/index.js","statementMap":{"0":{"start":{"line":11,"column":12},"end":{"line":11,"column":32}},"1":{"start":{"line":12,"column":0},"end":{"line":12,"column":30}},"2":{"start":{"line":14,"column":21},"end":{"line":29,"column":1}},"3":{"start":{"line":15,"column":2},"end":{"line":28,"column":3}},"4":{"start":{"line":16,"column":21},"end":{"line":20,"column":6}},"5":{"start":{"line":21,"column":4},"end":{"line":23,"column":5}},"6":{"start":{"line":22,"column":6},"end":{"line":22,"column":48}},"7":{"start":{"line":24,"column":19},"end":{"line":24,"column":45}},"8":{"start":{"line":25,"column":4},"end":{"line":25,"column":50}},"9":{"start":{"line":27,"column":4},"end":{"line":27,"column":63}},"10":{"start":{"line":32,"column":2},"end":{"line":34,"column":3}},"11":{"start":{"line":33,"column":4},"end":{"line":33,"column":42}},"12":{"start":{"line":35,"column":21},"end":{"line":35,"column":33}},"13":{"start":{"line":36,"column":15},"end":{"line":36,"column":35}},"14":{"start":{"line":37,"column":15},"end":{"line":37,"column":24}},"15":{"start":{"line":38,"column":19},"end":{"line":38,"column":59}},"16":{"start":{"line":39,"column":18},"end":{"line":39,"column":60}},"17":{"start":{"line":40,"column":20},"end":{"line":40,"column":46}},"18":{"start":{"line":41,"column":2},"end":{"line":41,"column":56}},"19":{"start":{"line":42,"column":2},"end":{"line":43,"column":62}},"20":{"start":{"line":43,"column":4},"end":{"line":43,"column":59}},"21":{"start":{"line":44,"column":23},"end":{"line":44,"column":87}},"22":{"start":{"line":45,"column":2},"end":{"line":45,"column":63}},"23":{"start":{"line":46,"column":2},"end":{"line":46,"column":43}}},"fnMap":{"0":{"name":"(anonymous_0)","decl":{"start":{"line":14,"column":21},"end":{"line":14,"column":22}},"loc":{"start":{"line":14,"column":46},"end":{"line":29,"column":1}},"line":14},"1":{"name":"(anonymous_1)","decl":{"start":{"line":31,"column":15},"end":{"line":31,"column":16}},"loc":{"start":{"line":31,"column":54},"end":{"line":47,"column":1}},"line":31},"2":{"name":"(anonymous_2)","decl":{"start":{"line":42,"column":49},"end":{"line":42,"column":50}},"loc":{"start":{"line":43,"column":4},"end":{"line":43,"column":59}},"line":43}},"branchMap":{"0":{"loc":{"start":{"line":21,"column":4},"end":{"line":23,"column":5}},"type":"if","locations":[{"start":{"line":21,"column":4},"end":{"line":23,"column":5}},{"start":{"line":21,"column":4},"end":{"line":23,"column":5}}],"line":21},"1":{"loc":{"start":{"line":31,"column":27},"end":{"line":31,"column":49}},"type":"default-arg","locations":[{"start":{"line":31,"column":36},"end":{"line":31,"column":49}}],"line":31},"2":{"loc":{"start":{"line":32,"column":2},"end":{"line":34,"column":3}},"type":"if","locations":[{"start":{"line":32,"column":2},"end":{"line":34,"column":3}},{"start":{"line":32,"column":2},"end":{"line":34,"column":3}}],"line":32}},"s":{"0":1,"1":1,"2":1,"3":4,"4":4,"5":4,"6":0,"7":4,"8":4,"9":0,"10":2,"11":0,"12":2,"13":2,"14":2,"15":2,"16":2,"17":2,"18":2,"19":2,"20":4,"21":2,"22":2,"23":2},"f":{"0":4,"1":2,"2":4},"b":{"0":[0,4],"1":[0],"2":[0,2]},"_coverageSchema":"1a1c01bbd47fc00a2c39e90264f33305004495a9","hash":"7f3440efb4521407af644609c87d7de52a9c0369"}
}
