TN:
SF:src/helpers.js
FN:4,(anonymous_0)
FN:7,(anonymous_1)
FNF:2
FNH:2
FNDA:4,(anonymous_0)
FNDA:5,(anonymous_1)
DA:4,2
DA:5,4
DA:7,2
DA:8,5
DA:9,5
DA:10,5
DA:11,1
DA:13,4
DA:14,4
DA:15,1
DA:17,3
DA:18,3
LF:12
LH:12
BRDA:4,0,0,1
BRDA:4,1,0,3
BRDA:10,2,0,1
BRDA:10,2,1,4
BRDA:14,3,0,1
BRDA:14,3,1,3
BRDA:17,4,0,3
BRDA:17,4,1,0
BRF:8
BRH:7
end_of_record
TN:
SF:src/index.js
FN:9,(anonymous_0)
FNF:1
FNH:1
FNDA:1,(anonymous_0)
DA:7,1
DA:9,1
DA:10,1
DA:11,1
DA:12,0
DA:13,0
DA:15,1
DA:16,1
DA:17,1
DA:18,1
LF:10
LH:8
BRDA:11,0,0,0
BRDA:11,0,1,1
BRF:2
BRH:1
end_of_record
