TN:
SF:src/helpers.js
FN:9,(anonymous_0)
FN:11,(anonymous_1)
FN:19,(anonymous_2)
FN:23,(anonymous_3)
FN:24,(anonymous_4)
FN:40,(anonymous_5)
FN:42,(anonymous_6)
FN:43,(anonymous_7)
FNF:8
FNH:8
FNDA:22,(anonymous_0)
FNDA:18,(anonymous_1)
FNDA:4,(anonymous_2)
FNDA:12,(anonymous_3)
FNDA:24,(anonymous_4)
FNDA:3,(anonymous_5)
FNDA:9,(anonymous_6)
FNDA:15,(anonymous_7)
DA:4,2
DA:9,22
DA:11,2
DA:12,18
DA:13,18
DA:14,18
DA:15,18
DA:16,18
DA:19,2
DA:20,4
DA:21,4
DA:22,4
DA:23,4
DA:24,12
DA:25,24
DA:26,24
DA:27,2
DA:29,22
DA:30,22
DA:31,14
DA:32,14
DA:33,14
DA:37,4
DA:40,2
DA:41,3
DA:42,3
DA:43,9
DA:44,15
DA:45,15
DA:46,9
DA:50,3
LF:31
LH:31
BRDA:13,0,0,12
BRDA:13,0,1,6
BRDA:26,1,0,2
BRDA:26,1,1,22
BRDA:30,2,0,14
BRDA:30,2,1,8
BRDA:45,3,0,9
BRDA:45,3,1,6
BRF:8
BRH:8
end_of_record
TN:
SF:src/index.js
FN:14,(anonymous_0)
FN:31,(anonymous_1)
FN:42,(anonymous_2)
FNF:3
FNH:3
FNDA:4,(anonymous_0)
FNDA:2,(anonymous_1)
FNDA:4,(anonymous_2)
DA:11,1
DA:12,1
DA:14,1
DA:15,4
DA:16,4
DA:21,4
DA:22,0
DA:24,4
DA:25,4
DA:27,0
DA:32,2
DA:33,0
DA:35,2
DA:36,2
DA:37,2
DA:38,2
DA:39,2
DA:40,2
DA:41,2
DA:42,2
DA:43,4
DA:44,2
DA:45,2
DA:46,2
LF:24
LH:21
BRDA:21,0,0,0
BRDA:21,0,1,4
BRDA:31,1,0,0
BRDA:32,2,0,0
BRDA:32,2,1,2
BRF:5
BRH:2
end_of_record
